<?xml version="1.0" encoding="UTF-8"?>
<!-- Generated by org.testng.reporters.JUnitXMLReporter -->
<testsuite ignored="0" hostname="LAPTOP-D50246KN" failures="0" tests="6" name="crm  regression Test" time="0.083" errors="0" timestamp="2021-04-18T21:56:46 IST">
  <testcase classname="com.qa.crm.tests.LoginPageTest" name="@BeforeMethod setUp" time="0.027">
    <failure type="java.lang.IllegalStateException" message="The driver executable does not exist: C:\Users\sande\eclipse-workspace\MavenHybridApproach\Users\sande\OneDrive\Desktop\Automation\chromedriver_win32\chromedriver.exe">
      <![CDATA[java.lang.IllegalStateException: The driver executable does not exist: C:\Users\sande\eclipse-workspace\MavenHybridApproach\Users\sande\OneDrive\Desktop\Automation\chromedriver_win32\chromedriver.exe
at com.google.common.base.Preconditions.checkState(Preconditions.java:585)
at org.openqa.selenium.remote.service.DriverService.checkExecutable(DriverService.java:146)
at org.openqa.selenium.remote.service.DriverService.findExecutable(DriverService.java:141)
at org.openqa.selenium.chrome.ChromeDriverService.access$000(ChromeDriverService.java:35)
at org.openqa.selenium.chrome.ChromeDriverService$Builder.findDefaultExecutable(ChromeDriverService.java:159)
at org.openqa.selenium.remote.service.DriverService$Builder.build(DriverService.java:355)
at org.openqa.selenium.chrome.ChromeDriverService.createDefaultService(ChromeDriverService.java:94)
at org.openqa.selenium.chrome.ChromeDriver.<init>(ChromeDriver.java:123)
at com.qa.crm.base.BasePage.int_driver(BasePage.java:61)
at com.qa.crm.tests.LoginPageTest.setUp(LoginPageTest.java:26)
at java.base/java.util.ArrayList.forEach(ArrayList.java:1511)
... Removed 31 stack frames]]>
    </failure>
  </testcase> <!-- @BeforeMethod setUp -->
  <testcase classname="com.qa.crm.tests.LoginPageTest" name="@AfterMethod teamDown" time="-1.618763206368E9">
    <skipped/>
  </testcase> <!-- @AfterMethod teamDown -->
  <testcase classname="com.qa.crm.tests.LoginPageTest" name="@BeforeMethod setUp" time="-1.61876320637E9">
    <skipped/>
  </testcase> <!-- @BeforeMethod setUp -->
  <testcase classname="com.qa.crm.tests.LoginPageTest" name="@AfterMethod teamDown" time="-1.618763206373E9">
    <skipped/>
  </testcase> <!-- @AfterMethod teamDown -->
  <testcase classname="com.qa.crm.tests.LoginPageTest" name="@BeforeMethod setUp" time="-1.618763206375E9">
    <skipped/>
  </testcase> <!-- @BeforeMethod setUp -->
  <testcase classname="com.qa.crm.tests.LoginPageTest" name="@AfterMethod teamDown" time="-1.618763206377E9">
    <skipped/>
  </testcase> <!-- @AfterMethod teamDown -->
  <testcase classname="com.qa.crm.tests.LoginPageTest" name="@BeforeMethod setUp" time="-1.618763206378E9">
    <skipped/>
  </testcase> <!-- @BeforeMethod setUp -->
  <testcase classname="com.qa.crm.tests.LoginPageTest" name="@AfterMethod teamDown" time="-1.618763206382E9">
    <skipped/>
  </testcase> <!-- @AfterMethod teamDown -->
  <testcase classname="com.qa.crm.tests.HomePageTest" name="@BeforeMethod setUp" time="0.003">
    <failure type="java.lang.IllegalStateException" message="The driver executable does not exist: C:\Users\sande\eclipse-workspace\MavenHybridApproach\Users\sande\OneDrive\Desktop\Automation\chromedriver_win32\chromedriver.exe">
      <![CDATA[java.lang.IllegalStateException: The driver executable does not exist: C:\Users\sande\eclipse-workspace\MavenHybridApproach\Users\sande\OneDrive\Desktop\Automation\chromedriver_win32\chromedriver.exe
at com.google.common.base.Preconditions.checkState(Preconditions.java:585)
at org.openqa.selenium.remote.service.DriverService.checkExecutable(DriverService.java:146)
at org.openqa.selenium.remote.service.DriverService.findExecutable(DriverService.java:141)
at org.openqa.selenium.chrome.ChromeDriverService.access$000(ChromeDriverService.java:35)
at org.openqa.selenium.chrome.ChromeDriverService$Builder.findDefaultExecutable(ChromeDriverService.java:159)
at org.openqa.selenium.remote.service.DriverService$Builder.build(DriverService.java:355)
at org.openqa.selenium.chrome.ChromeDriverService.createDefaultService(ChromeDriverService.java:94)
at org.openqa.selenium.chrome.ChromeDriver.<init>(ChromeDriver.java:123)
at com.qa.crm.base.BasePage.int_driver(BasePage.java:61)
at com.qa.crm.tests.HomePageTest.setUp(HomePageTest.java:28)
at java.base/java.util.ArrayList.forEach(ArrayList.java:1511)
... Removed 31 stack frames]]>
    </failure>
  </testcase> <!-- @BeforeMethod setUp -->
  <testcase classname="com.qa.crm.tests.HomePageTest" name="@AfterMethod tearDown" time="-1.618763206391E9">
    <skipped/>
  </testcase> <!-- @AfterMethod tearDown -->
  <testcase classname="com.qa.crm.tests.HomePageTest" name="@BeforeMethod setUp" time="-1.618763206392E9">
    <skipped/>
  </testcase> <!-- @BeforeMethod setUp -->
  <testcase classname="com.qa.crm.tests.HomePageTest" name="@AfterMethod tearDown" time="-1.618763206394E9">
    <skipped/>
  </testcase> <!-- @AfterMethod tearDown -->
  <testcase classname="com.qa.crm.tests.LoginPageTest" name="loginPageTitleTest" time="0.0">
    <skipped/>
  </testcase> <!-- loginPageTitleTest -->
  <testcase classname="com.qa.crm.tests.LoginPageTest" name="signUpLinkTest" time="0.0">
    <skipped/>
  </testcase> <!-- signUpLinkTest -->
  <testcase classname="com.qa.crm.tests.LoginPageTest" name="forgotPasswordLinkTest" time="0.0">
    <skipped/>
  </testcase> <!-- forgotPasswordLinkTest -->
  <testcase classname="com.qa.crm.tests.LoginPageTest" name="loginTest" time="0.0">
    <skipped/>
  </testcase> <!-- loginTest -->
  <testcase classname="com.qa.crm.tests.HomePageTest" name="homePageTitleTest" time="0.0">
    <skipped/>
  </testcase> <!-- homePageTitleTest -->
  <testcase classname="com.qa.crm.tests.HomePageTest" name="accounntNameTest" time="0.0">
    <skipped/>
  </testcase> <!-- accounntNameTest -->
</testsuite> <!-- crm  regression Test -->
